#
# A fatal error has been detected by the Java Runtime Environment:
#
#  SIGSEGV (0xb) at pc=0x000000010902317c, pid=87847, tid=18691
#
# JRE version: Java(TM) SE Runtime Environment (8.0_31-b13) (build 1.8.0_31-b13)
# Java VM: Java HotSpot(TM) 64-Bit Server VM (25.31-b07 mixed mode bsd-amd64 compressed oops)
# Problematic frame:
# V  [libjvm.dylib+0x42317c]  Method::checked_resolve_jmethod_id(_jmethodID*)+0xe
#
# Failed to write core dump. Core dumps have been disabled. To enable core dumping, try "ulimit -c unlimited" before starting Java again
#
# If you would like to submit a bug report, please visit:
#   http://bugreport.java.com/bugreport/crash.jsp
#

---------------  T H R E A D  ---------------

Current thread (0x00007fdff4019000):  JavaThread "JDWP Transport Listener: dt_socket" daemon [_thread_in_vm, id=18691, stack(0x0000000127152000,0x0000000127252000)]

siginfo: si_signo: 11 (SIGSEGV), si_code: 0 (unknown), si_addr: 0x0000000000000000

Registers:
RAX=0x0000000000000001, RBX=0x0000000127251a8b, RCX=0x00000001093d7c70, RDX=0x0000000127251a8b
RSP=0x00000001272519d0, RBP=0x00000001272519e0, RSI=0x00007fdff4019000, RDI=0x0002000000000000
R8 =0x0000000000000000, R9 =0x00007fdff3400000, R10=0x0000000000000010, R11=0x00007fdff3400000
R12=0x00007fdff4019000, R13=0x0002000000000000, R14=0x0002000000000000, R15=0x00007fdff3401c50
RIP=0x000000010902317c, EFLAGS=0x0000000000010206, ERR=0x0000000000000000
  TRAPNO=0x000000000000000d

Top of Stack: (sp=0x00000001272519d0)
0x00000001272519d0:   0000000127251a8b 0000000127251a8b
0x00000001272519e0:   0000000127251a40 0000000108f3519e
0x00000001272519f0:   00007fdff4019000 0000000000000000
0x0000000127251a00:   0000000000000000 0000000000000000
0x0000000127251a10:   00007fdff4019000 00007fdff4019000
0x0000000127251a20:   0000000127251a8b 0000000127251a90
0x0000000127251a30:   0002000000000000 0000000000000003
0x0000000127251a40:   0000000127251a60 0000000107bcd7dc
0x0000000127251a50:   0000000000000001 0000000127251b08
0x0000000127251a60:   0000000127251ad0 0000000107bb2263
0x0000000127251a70:   0000000127251aa0 00007fdff3414970
0x0000000127251a80:   0000000400000032 0000008a00251b08
0x0000000127251a90:   0000000000000000 0000000000000000
0x0000000127251aa0:   0000000000000000 0000000127251c90
0x0000000127251ab0:   0000000107bd4eca 00007fdff3413cc0
0x0000000127251ac0:   0000000127251b08 0000000107be0588
0x0000000127251ad0:   0000000127251ae0 0000000107bb235c
0x0000000127251ae0:   0000000127251d00 0000000107bbb8f6
0x0000000127251af0:   00000aa900000013 00000000000f0200
0x0000000127251b00:   00007fdff3407350 0000000127251c1e
0x0000000127251b10:   00007fdf00000066 0000000127251b20
0x0000000127251b20:   00007fdf000000c6 0000000127251b58
0x0000000127251b30:   0000000000000000 00007f0000000000
0x0000000127251b40:   00000aa90000001c 00007fff00000f80
0x0000000127251b50:   0000000127251b58 df7f000004000000
0x0000000127251b60:   0b000000505141f3 74614d7075746573
0x0000000127251b70:   2814000000786972 636e616a64414c29
0x0000000127251b80:   7274614d79636e65 00000000003b7869
0x0000000127251b90:   f3df7f0000090000 6d04000000485141
0x0000000127251ba0:   28160000006e6961 6c2f6176616a4c5b
0x0000000127251bb0:   697274532f676e61 00000056293b676e
0x0000000127251bc0:   7f00000900000000 00000038f052f3df 

Instructions: (pc=0x000000010902317c)
0x000000010902315c:   40 48 48 85 c0 75 e0 30 c0 0f b6 c0 5d c3 31 c0
0x000000010902316c:   5d c3 55 48 89 e5 53 48 83 ec 08 48 85 ff 74 24
0x000000010902317c:   48 8b 1f 48 85 db 74 1c 48 83 fb 37 74 16 48 8b
0x000000010902318c:   03 48 89 df ff 50 10 84 c0 b8 00 00 00 00 48 0f 

Register to memory mapping:

RAX=0x0000000000000001 is an unknown value
RBX=0x0000000127251a8b is pointing into the stack for thread: 0x00007fdff4019000
RCX=0x00000001093d7c70: UseMembar+0 in /Library/Java/JavaVirtualMachines/jdk1.8.0_31.jdk/Contents/Home/jre/lib/server/libjvm.dylib at 0x0000000108c00000
RDX=0x0000000127251a8b is pointing into the stack for thread: 0x00007fdff4019000
RSP=0x00000001272519d0 is pointing into the stack for thread: 0x00007fdff4019000
RBP=0x00000001272519e0 is pointing into the stack for thread: 0x00007fdff4019000
RSI=0x00007fdff4019000 is a thread
RDI=0x0002000000000000 is an unknown value
R8 =0x0000000000000000 is an unknown value
R9 =0x00007fdff3400000 is an unknown value
R10=0x0000000000000010 is an unknown value
R11=0x00007fdff3400000 is an unknown value
R12=0x00007fdff4019000 is a thread
R13=0x0002000000000000 is an unknown value
R14=0x0002000000000000 is an unknown value
R15=0x00007fdff3401c50 is an unknown value


Stack: [0x0000000127152000,0x0000000127252000],  sp=0x00000001272519d0,  free space=1022k
Native frames: (J=compiled Java code, j=interpreted, Vv=VM code, C=native code)
V  [libjvm.dylib+0x42317c]  Method::checked_resolve_jmethod_id(_jmethodID*)+0xe
V  [libjvm.dylib+0x33519e]  jvmti_IsMethodSynthetic+0xb2
C  [libjdwp.dylib+0x207dc]  isMethodSynthetic+0x63
C  [libjdwp.dylib+0x5263]  methods1+0x10b
C  [libjdwp.dylib+0x535c]  methodsWithGeneric+0xe
C  [libjdwp.dylib+0xe8f6]  debugLoop_run+0x1ce
C  [libjdwp.dylib+0x1f716]  attachThread+0x4d
V  [libjvm.dylib+0x3761fe]  JvmtiAgentThread::call_start_function()+0x38
V  [libjvm.dylib+0x5360cf]  JavaThread::thread_main_inner()+0x9b
V  [libjvm.dylib+0x53780c]  JavaThread::run()+0x1c2
V  [libjvm.dylib+0x45d772]  java_start(Thread*)+0xf6
C  [libsystem_pthread.dylib+0x3268]  _pthread_body+0x83
C  [libsystem_pthread.dylib+0x31e5]  _pthread_body+0x0
C  [libsystem_pthread.dylib+0x141d]  thread_start+0xd
C  0x0000000000000000


---------------  P R O C E S S  ---------------

Java Threads: ( => current thread )
  0x00007fdff3809000 JavaThread "Service Thread" daemon [_thread_blocked, id=22275, stack(0x0000000127867000,0x0000000127967000)]
  0x00007fdff582d000 JavaThread "C1 CompilerThread3" daemon [_thread_blocked, id=21763, stack(0x0000000127764000,0x0000000127864000)]
  0x00007fdff582c800 JavaThread "C2 CompilerThread2" daemon [_thread_blocked, id=21251, stack(0x0000000127661000,0x0000000127761000)]
  0x00007fdff582b800 JavaThread "C2 CompilerThread1" daemon [_thread_blocked, id=20739, stack(0x000000012755e000,0x000000012765e000)]
  0x00007fdff381b000 JavaThread "C2 CompilerThread0" daemon [_thread_blocked, id=20227, stack(0x000000012745b000,0x000000012755b000)]
  0x00007fdff4016800 JavaThread "JDWP Command Reader" daemon [_thread_in_native, id=19715, stack(0x0000000127358000,0x0000000127458000)]
  0x00007fdff582a000 JavaThread "JDWP Event Helper Thread" daemon [_thread_blocked, id=19203, stack(0x0000000127255000,0x0000000127355000)]
=>0x00007fdff4019000 JavaThread "JDWP Transport Listener: dt_socket" daemon [_thread_in_vm, id=18691, stack(0x0000000127152000,0x0000000127252000)]
  0x00007fdff600e800 JavaThread "Signal Dispatcher" daemon [_thread_blocked, id=15383, stack(0x0000000127048000,0x0000000127148000)]
  0x00007fdff6000000 JavaThread "Finalizer" daemon [_thread_blocked, id=13571, stack(0x0000000125705000,0x0000000125805000)]
  0x00007fdff584d800 JavaThread "Reference Handler" daemon [_thread_blocked, id=13059, stack(0x0000000125602000,0x0000000125702000)]
  0x00007fdff400a000 JavaThread "main" [_thread_blocked, id=4867, stack(0x0000000109b20000,0x0000000109c20000)]

Other Threads:
  0x00007fdff584b000 VMThread [stack: 0x00000001254ff000,0x00000001255ff000] [id=12547]
  0x00007fdff382b800 WatcherThread [stack: 0x000000012796a000,0x0000000127a6a000] [id=22787]

VM state:not at safepoint (normal execution)

VM Mutex/Monitor currently owned by a thread: None

Heap:
 PSYoungGen      total 76288K, used 5243K [0x000000076ab00000, 0x0000000770000000, 0x00000007c0000000)
  eden space 65536K, 8% used [0x000000076ab00000,0x000000076b01ec68,0x000000076eb00000)
  from space 10752K, 0% used [0x000000076f580000,0x000000076f580000,0x0000000770000000)
  to   space 10752K, 0% used [0x000000076eb00000,0x000000076eb00000,0x000000076f580000)
 ParOldGen       total 175104K, used 0K [0x00000006c0000000, 0x00000006cab00000, 0x000000076ab00000)
  object space 175104K, 0% used [0x00000006c0000000,0x00000006c0000000,0x00000006cab00000)
 Metaspace       used 2817K, capacity 4562K, committed 4864K, reserved 1056768K
  class space    used 302K, capacity 386K, committed 512K, reserved 1048576K

Card table byte_map: [0x0000000118ff3000,0x00000001197f4000] byte_map_base: 0x00000001159f3000

Marking Bits: (ParMarkBitMap*) 0x000000010949e410
 Begin Bits: [0x000000011a562000, 0x000000011e562000)
 End Bits:   [0x000000011e562000, 0x0000000122562000)

Polling page: 0x0000000107bac000

CodeCache: size=245760Kb used=1165Kb max_used=1165Kb free=244594Kb
 bounds [0x0000000109c33000, 0x0000000109ea3000, 0x0000000118c33000]
 total_blobs=279 nmethods=53 adapters=149
 compilation: enabled

Compilation events (10 events):
Event: 0.147 Thread 0x00007fdff582d000   50       3       java.lang.String::valueOf (14 bytes)
Event: 0.147 Thread 0x00007fdff582d000 nmethod 50 0x0000000109d552d0 code [0x0000000109d55440, 0x0000000109d556a8]
Event: 0.147 Thread 0x00007fdff582d000   51       3       java.lang.String::toString (2 bytes)
Event: 0.147 Thread 0x00007fdff582d000 nmethod 51 0x0000000109d55750 code [0x0000000109d558a0, 0x0000000109d559f0]
Event: 0.147 Thread 0x00007fdff582d000   52       3       java.lang.StringBuilder::<init> (18 bytes)
Event: 0.148 Thread 0x00007fdff582d000 nmethod 52 0x0000000109d55a50 code [0x0000000109d55be0, 0x0000000109d560a8]
Event: 0.148 Thread 0x00007fdff582d000   47       1       java.nio.Buffer::limit (5 bytes)
Event: 0.148 Thread 0x00007fdff582d000 nmethod 47 0x0000000109d562d0 code [0x0000000109d56420, 0x0000000109d56530]
Event: 0.148 Thread 0x00007fdff582d000   53       3       java.nio.Buffer::position (43 bytes)
Event: 0.148 Thread 0x00007fdff582d000 nmethod 53 0x0000000109d56590 code [0x0000000109d56700, 0x0000000109d569c8]

GC Heap History (0 events):
No events

Deoptimization events (0 events):
No events

Internal exceptions (4 events):
Event: 0.043 Thread 0x00007fdff400a000 Exception <a 'java/lang/NoSuchMethodError': Method sun.misc.Unsafe.defineClass(Ljava/lang/String;[BII)Ljava/lang/Class; name or signature does not match> (0x000000076ab11ec0) thrown at [/Users/java_re/workspace/8-2-build-macosx-x86_64/jdk8u31/2394/hotspot
Event: 0.043 Thread 0x00007fdff400a000 Exception <a 'java/lang/NoSuchMethodError': Method sun.misc.Unsafe.prefetchRead(Ljava/lang/Object;J)V name or signature does not match> (0x000000076ab12150) thrown at [/Users/java_re/workspace/8-2-build-macosx-x86_64/jdk8u31/2394/hotspot/src/share/vm/prim
Event: 0.130 Thread 0x00007fdff400a000 Exception <a 'java/security/PrivilegedActionException'> (0x000000076ab9c420) thrown at [/Users/java_re/workspace/8-2-build-macosx-x86_64/jdk8u31/2394/hotspot/src/share/vm/prims/jvm.cpp, line 1312]
Event: 0.136 Thread 0x00007fdff400a000 Exception <a 'java/security/PrivilegedActionException'> (0x000000076aba2d08) thrown at [/Users/java_re/workspace/8-2-build-macosx-x86_64/jdk8u31/2394/hotspot/src/share/vm/prims/jvm.cpp, line 1312]

Events (10 events):
Event: 5.406 Executing VM operation: GetOrSetLocal
Event: 5.406 Executing VM operation: GetOrSetLocal done
Event: 5.407 Executing VM operation: GetOrSetLocal
Event: 5.407 Executing VM operation: GetOrSetLocal done
Event: 5.407 Executing VM operation: GetOrSetLocal
Event: 5.407 Executing VM operation: GetOrSetLocal done
Event: 5.407 Executing VM operation: GetOrSetLocal
Event: 5.407 Executing VM operation: GetOrSetLocal done
Event: 155.413 Executing VM operation: RedefineClasses
Event: 155.413 Executing VM operation: RedefineClasses done


Dynamic libraries:
0x000000000d657000 	/System/Library/Frameworks/Cocoa.framework/Versions/A/Cocoa
0x000000000d657000 	/System/Library/Frameworks/Security.framework/Versions/A/Security
0x000000000d657000 	/System/Library/Frameworks/ApplicationServices.framework/Versions/A/ApplicationServices
0x000000000d657000 	/usr/lib/libz.1.dylib
0x000000000d657000 	/usr/lib/libSystem.B.dylib
0x000000000d657000 	/usr/lib/libobjc.A.dylib
0x000000000d657000 	/System/Library/Frameworks/CoreFoundation.framework/Versions/A/CoreFoundation
0x000000000d657000 	/System/Library/Frameworks/Foundation.framework/Versions/C/Foundation
0x000000000d657000 	/System/Library/Frameworks/AppKit.framework/Versions/C/AppKit
0x000000000d657000 	/System/Library/Frameworks/CoreData.framework/Versions/A/CoreData
0x000000000d657000 	/System/Library/PrivateFrameworks/RemoteViewServices.framework/Versions/A/RemoteViewServices
0x000000000d657000 	/System/Library/PrivateFrameworks/UIFoundation.framework/Versions/A/UIFoundation
0x000000000d657000 	/System/Library/Frameworks/IOSurface.framework/Versions/A/IOSurface
0x000000000d657000 	/System/Library/Frameworks/AudioToolbox.framework/Versions/A/AudioToolbox
0x000000000d657000 	/System/Library/Frameworks/AudioUnit.framework/Versions/A/AudioUnit
0x000000000d657000 	/System/Library/PrivateFrameworks/DataDetectorsCore.framework/Versions/A/DataDetectorsCore
0x000000000d657000 	/System/Library/PrivateFrameworks/DesktopServicesPriv.framework/Versions/A/DesktopServicesPriv
0x000000000d657000 	/System/Library/Frameworks/Carbon.framework/Versions/A/Frameworks/HIToolbox.framework/Versions/A/HIToolbox
0x000000000d657000 	/System/Library/Frameworks/QuartzCore.framework/Versions/A/QuartzCore
0x000000000d657000 	/System/Library/Frameworks/Carbon.framework/Versions/A/Frameworks/SpeechRecognition.framework/Versions/A/SpeechRecognition
0x000000000d657000 	/usr/lib/libauto.dylib
0x000000000d657000 	/usr/lib/libicucore.A.dylib
0x000000000d657000 	/usr/lib/libxml2.2.dylib
0x000000000d657000 	/System/Library/PrivateFrameworks/CoreUI.framework/Versions/A/CoreUI
0x000000000d657000 	/System/Library/Frameworks/CoreAudio.framework/Versions/A/CoreAudio
0x000000000d657000 	/System/Library/Frameworks/DiskArbitration.framework/Versions/A/DiskArbitration
0x000000000d657000 	/usr/lib/liblangid.dylib
0x000000000d657000 	/System/Library/PrivateFrameworks/MultitouchSupport.framework/Versions/A/MultitouchSupport
0x000000000d657000 	/System/Library/Frameworks/IOKit.framework/Versions/A/IOKit
0x000000000d657000 	/usr/lib/libDiagnosticMessagesClient.dylib
0x000000000d657000 	/System/Library/Frameworks/CoreServices.framework/Versions/A/CoreServices
0x000000000d657000 	/System/Library/PrivateFrameworks/PerformanceAnalysis.framework/Versions/A/PerformanceAnalysis
0x000000000d657000 	/System/Library/PrivateFrameworks/GenerationalStorage.framework/Versions/A/GenerationalStorage
0x000000000d657000 	/System/Library/Frameworks/OpenGL.framework/Versions/A/OpenGL
0x000000000d657000 	/System/Library/PrivateFrameworks/Sharing.framework/Versions/A/Sharing
0x000000000d657000 	/System/Library/Frameworks/CoreGraphics.framework/Versions/A/CoreGraphics
0x000000000d657000 	/System/Library/Frameworks/CoreText.framework/Versions/A/CoreText
0x000000000d657000 	/System/Library/Frameworks/ImageIO.framework/Versions/A/ImageIO
0x000000000d657000 	/usr/lib/libextension.dylib
0x000000000d657000 	/System/Library/PrivateFrameworks/Backup.framework/Versions/A/Backup
0x000000000d657000 	/usr/lib/libarchive.2.dylib
0x000000000d657000 	/System/Library/Frameworks/CFNetwork.framework/Versions/A/CFNetwork
0x000000000d657000 	/System/Library/Frameworks/SystemConfiguration.framework/Versions/A/SystemConfiguration
0x000000000d657000 	/usr/lib/libCRFSuite.dylib
0x000000000d657000 	/usr/lib/libc++.1.dylib
0x000000000d657000 	/usr/lib/libc++abi.dylib
0x000000000d657000 	/usr/lib/system/libcache.dylib
0x000000000d657000 	/usr/lib/system/libcommonCrypto.dylib
0x000000000d657000 	/usr/lib/system/libcompiler_rt.dylib
0x000000000d657000 	/usr/lib/system/libcopyfile.dylib
0x000000000d657000 	/usr/lib/system/libcorecrypto.dylib
0x000000000d657000 	/usr/lib/system/libdispatch.dylib
0x000000000d657000 	/usr/lib/system/libdyld.dylib
0x000000000d657000 	/usr/lib/system/libkeymgr.dylib
0x000000000d657000 	/usr/lib/system/liblaunch.dylib
0x000000000d657000 	/usr/lib/system/libmacho.dylib
0x000000000d657000 	/usr/lib/system/libquarantine.dylib
0x000000000d657000 	/usr/lib/system/libremovefile.dylib
0x000000000d657000 	/usr/lib/system/libsystem_asl.dylib
0x000000000d657000 	/usr/lib/system/libsystem_blocks.dylib
0x000000000d657000 	/usr/lib/system/libsystem_c.dylib
0x000000000d657000 	/usr/lib/system/libsystem_configuration.dylib
0x000000000d657000 	/usr/lib/system/libsystem_coreservices.dylib
0x000000000d657000 	/usr/lib/system/libsystem_coretls.dylib
0x000000000d657000 	/usr/lib/system/libsystem_dnssd.dylib
0x000000000d657000 	/usr/lib/system/libsystem_info.dylib
0x000000000d657000 	/usr/lib/system/libsystem_kernel.dylib
0x000000000d657000 	/usr/lib/system/libsystem_m.dylib
0x000000000d657000 	/usr/lib/system/libsystem_malloc.dylib
0x000000000d657000 	/usr/lib/system/libsystem_network.dylib
0x000000000d657000 	/usr/lib/system/libsystem_networkextension.dylib
0x000000000d657000 	/usr/lib/system/libsystem_notify.dylib
0x000000000d657000 	/usr/lib/system/libsystem_platform.dylib
0x000000000d657000 	/usr/lib/system/libsystem_pthread.dylib
0x000000000d657000 	/usr/lib/system/libsystem_sandbox.dylib
0x000000000d657000 	/usr/lib/system/libsystem_secinit.dylib
0x000000000d657000 	/usr/lib/system/libsystem_stats.dylib
0x000000000d657000 	/usr/lib/system/libsystem_trace.dylib
0x000000000d657000 	/usr/lib/system/libunc.dylib
0x000000000d657000 	/usr/lib/system/libunwind.dylib
0x000000000d657000 	/usr/lib/system/libxpc.dylib
0x000000000d657000 	/usr/lib/libbz2.1.0.dylib
0x000000000d657000 	/usr/lib/liblzma.5.dylib
0x000000000d657000 	/usr/lib/libbsm.0.dylib
0x000000000d657000 	/usr/lib/libsqlite3.dylib
0x000000000d657000 	/usr/lib/system/libkxld.dylib
0x000000000d657000 	/usr/lib/libxar.1.dylib
0x000000000d657000 	/usr/lib/libpam.2.dylib
0x000000000d657000 	/usr/lib/libOpenScriptingUtil.dylib
0x000000000d657000 	/System/Library/Frameworks/CoreServices.framework/Versions/A/Frameworks/FSEvents.framework/Versions/A/FSEvents
0x000000000d657000 	/System/Library/Frameworks/CoreServices.framework/Versions/A/Frameworks/CarbonCore.framework/Versions/A/CarbonCore
0x000000000d657000 	/System/Library/Frameworks/CoreServices.framework/Versions/A/Frameworks/Metadata.framework/Versions/A/Metadata
0x000000000d657000 	/System/Library/Frameworks/CoreServices.framework/Versions/A/Frameworks/OSServices.framework/Versions/A/OSServices
0x000000000d657000 	/System/Library/Frameworks/CoreServices.framework/Versions/A/Frameworks/SearchKit.framework/Versions/A/SearchKit
0x000000000d657000 	/System/Library/Frameworks/CoreServices.framework/Versions/A/Frameworks/AE.framework/Versions/A/AE
0x000000000d657000 	/System/Library/Frameworks/CoreServices.framework/Versions/A/Frameworks/LaunchServices.framework/Versions/A/LaunchServices
0x000000000d657000 	/System/Library/Frameworks/CoreServices.framework/Versions/A/Frameworks/DictionaryServices.framework/Versions/A/DictionaryServices
0x000000000d657000 	/System/Library/Frameworks/NetFS.framework/Versions/A/NetFS
0x000000000d657000 	/System/Library/PrivateFrameworks/NetAuth.framework/Versions/A/NetAuth
0x000000000d657000 	/System/Library/PrivateFrameworks/login.framework/Versions/A/Frameworks/loginsupport.framework/Versions/A/loginsupport
0x000000000d657000 	/System/Library/PrivateFrameworks/TCC.framework/Versions/A/TCC
0x000000000d657000 	/usr/lib/libmecabra.dylib
0x000000000d657000 	/System/Library/Frameworks/ApplicationServices.framework/Versions/A/Frameworks/ATS.framework/Versions/A/ATS
0x000000000d657000 	/System/Library/Frameworks/ApplicationServices.framework/Versions/A/Frameworks/ColorSync.framework/Versions/A/ColorSync
0x000000000d657000 	/System/Library/Frameworks/ApplicationServices.framework/Versions/A/Frameworks/HIServices.framework/Versions/A/HIServices
0x000000000d657000 	/System/Library/Frameworks/ApplicationServices.framework/Versions/A/Frameworks/LangAnalysis.framework/Versions/A/LangAnalysis
0x000000000d657000 	/System/Library/Frameworks/ApplicationServices.framework/Versions/A/Frameworks/PrintCore.framework/Versions/A/PrintCore
0x000000000d657000 	/System/Library/Frameworks/ApplicationServices.framework/Versions/A/Frameworks/QD.framework/Versions/A/QD
0x000000000d657000 	/System/Library/Frameworks/ApplicationServices.framework/Versions/A/Frameworks/SpeechSynthesis.framework/Versions/A/SpeechSynthesis
0x000000000d657000 	/System/Library/Frameworks/Accelerate.framework/Versions/A/Accelerate
0x000000000d657000 	/System/Library/Frameworks/Accelerate.framework/Versions/A/Frameworks/vImage.framework/Versions/A/vImage
0x000000000d657000 	/System/Library/Frameworks/Accelerate.framework/Versions/A/Frameworks/vecLib.framework/Versions/A/vecLib
0x000000000d657000 	/System/Library/Frameworks/Accelerate.framework/Versions/A/Frameworks/vecLib.framework/Versions/A/libvDSP.dylib
0x000000000d657000 	/System/Library/Frameworks/Accelerate.framework/Versions/A/Frameworks/vecLib.framework/Versions/A/libvMisc.dylib
0x000000000d657000 	/System/Library/Frameworks/Accelerate.framework/Versions/A/Frameworks/vecLib.framework/Versions/A/libLAPACK.dylib
0x000000000d657000 	/System/Library/Frameworks/Accelerate.framework/Versions/A/Frameworks/vecLib.framework/Versions/A/libBLAS.dylib
0x000000000d657000 	/System/Library/Frameworks/Accelerate.framework/Versions/A/Frameworks/vecLib.framework/Versions/A/libLinearAlgebra.dylib
0x000000000d657000 	/System/Library/Frameworks/ApplicationServices.framework/Versions/A/Frameworks/ATS.framework/Versions/A/Resources/libFontParser.dylib
0x000000000d657000 	/System/Library/Frameworks/ApplicationServices.framework/Versions/A/Frameworks/ATS.framework/Versions/A/Resources/libFontRegistry.dylib
0x000000000d657000 	/System/Library/PrivateFrameworks/AppleVPA.framework/Versions/A/AppleVPA
0x000000000d657000 	/System/Library/PrivateFrameworks/AppleJPEG.framework/Versions/A/AppleJPEG
0x000000000d657000 	/System/Library/Frameworks/ImageIO.framework/Versions/A/Resources/libJPEG.dylib
0x000000000d657000 	/System/Library/Frameworks/ImageIO.framework/Versions/A/Resources/libTIFF.dylib
0x000000000d657000 	/System/Library/Frameworks/ImageIO.framework/Versions/A/Resources/libPng.dylib
0x000000000d657000 	/System/Library/Frameworks/ImageIO.framework/Versions/A/Resources/libGIF.dylib
0x000000000d657000 	/System/Library/Frameworks/ImageIO.framework/Versions/A/Resources/libJP2.dylib
0x000000000d657000 	/System/Library/Frameworks/ImageIO.framework/Versions/A/Resources/libRadiance.dylib
0x000000000d657000 	/System/Library/Frameworks/CoreVideo.framework/Versions/A/CoreVideo
0x000000000d657000 	/System/Library/Frameworks/OpenGL.framework/Versions/A/Libraries/libGLU.dylib
0x000000000d657000 	/System/Library/Frameworks/OpenGL.framework/Versions/A/Libraries/libGFXShared.dylib
0x000000000d657000 	/System/Library/Frameworks/OpenGL.framework/Versions/A/Libraries/libGL.dylib
0x000000000d657000 	/System/Library/Frameworks/OpenGL.framework/Versions/A/Libraries/libGLImage.dylib
0x000000000d657000 	/System/Library/Frameworks/OpenGL.framework/Versions/A/Libraries/libCVMSPluginSupport.dylib
0x000000000d657000 	/System/Library/Frameworks/OpenGL.framework/Versions/A/Libraries/libCoreVMClient.dylib
0x000000000d657000 	/usr/lib/libcups.2.dylib
0x000000000d657000 	/System/Library/Frameworks/Kerberos.framework/Versions/A/Kerberos
0x000000000d657000 	/System/Library/Frameworks/GSS.framework/Versions/A/GSS
0x000000000d657000 	/usr/lib/libresolv.9.dylib
0x000000000d657000 	/usr/lib/libiconv.2.dylib
0x000000000d657000 	/System/Library/PrivateFrameworks/Heimdal.framework/Versions/A/Heimdal
0x000000000d657000 	/usr/lib/libheimdal-asn1.dylib
0x000000000d657000 	/System/Library/Frameworks/OpenDirectory.framework/Versions/A/OpenDirectory
0x000000000d657000 	/System/Library/PrivateFrameworks/CommonAuth.framework/Versions/A/CommonAuth
0x000000000d657000 	/System/Library/Frameworks/OpenDirectory.framework/Versions/A/Frameworks/CFOpenDirectory.framework/Versions/A/CFOpenDirectory
0x000000000d657000 	/System/Library/Frameworks/SecurityFoundation.framework/Versions/A/SecurityFoundation
0x000000000d657000 	/System/Library/PrivateFrameworks/LanguageModeling.framework/Versions/A/LanguageModeling
0x000000000d657000 	/usr/lib/libcmph.dylib
0x000000000d657000 	/System/Library/Frameworks/ServiceManagement.framework/Versions/A/ServiceManagement
0x000000000d657000 	/usr/lib/libxslt.1.dylib
0x000000000d657000 	/System/Library/Frameworks/Carbon.framework/Versions/A/Frameworks/Ink.framework/Versions/A/Ink
0x000000000d657000 	/System/Library/Frameworks/QuartzCore.framework/Versions/A/Frameworks/CoreImage.framework/Versions/A/CoreImage
0x000000000d657000 	/System/Library/PrivateFrameworks/CrashReporterSupport.framework/Versions/A/CrashReporterSupport
0x000000000d657000 	/System/Library/Frameworks/OpenCL.framework/Versions/A/OpenCL
0x000000000d657000 	/System/Library/PrivateFrameworks/FaceCore.framework/Versions/A/FaceCore
0x000000000d657000 	/System/Library/PrivateFrameworks/Ubiquity.framework/Versions/A/Ubiquity
0x000000000d657000 	/System/Library/PrivateFrameworks/IconServices.framework/Versions/A/IconServices
0x000000000d657000 	/System/Library/PrivateFrameworks/ChunkingLibrary.framework/Versions/A/ChunkingLibrary
0x000000000d657000 	/System/Library/PrivateFrameworks/Apple80211.framework/Versions/A/Apple80211
0x000000000d657000 	/System/Library/Frameworks/CoreWLAN.framework/Versions/A/CoreWLAN
0x000000000d657000 	/System/Library/Frameworks/IOBluetooth.framework/Versions/A/IOBluetooth
0x000000000d657000 	/System/Library/PrivateFrameworks/CoreWiFi.framework/Versions/A/CoreWiFi
0x000000000d657000 	/System/Library/Frameworks/CoreBluetooth.framework/Versions/A/CoreBluetooth
0x000000000d657000 	/System/Library/PrivateFrameworks/DebugSymbols.framework/Versions/A/DebugSymbols
0x000000000d657000 	/System/Library/PrivateFrameworks/CoreSymbolication.framework/Versions/A/CoreSymbolication
0x000000000d657000 	/System/Library/PrivateFrameworks/Symbolication.framework/Versions/A/Symbolication
0x000000000d657000 	/System/Library/PrivateFrameworks/SpeechRecognitionCore.framework/Versions/A/SpeechRecognitionCore
0x0000000108c00000 	/Library/Java/JavaVirtualMachines/jdk1.8.0_31.jdk/Contents/Home/jre/lib/server/libjvm.dylib
0x000000000d657000 	/usr/lib/libstdc++.6.dylib
0x0000000107b6a000 	/Library/Java/JavaVirtualMachines/jdk1.8.0_31.jdk/Contents/Home/jre/lib/libverify.dylib
0x0000000107b78000 	/Library/Java/JavaVirtualMachines/jdk1.8.0_31.jdk/Contents/Home/jre/lib/libjava.dylib
0x0000000107bad000 	/Library/Java/JavaVirtualMachines/jdk1.8.0_31.jdk/Contents/Home/jre/lib/libjdwp.dylib
0x0000000107bf8000 	/Library/Java/JavaVirtualMachines/jdk1.8.0_31.jdk/Contents/Home/jre/lib/libnpt.dylib
0x0000000109c2a000 	/Library/Java/JavaVirtualMachines/jdk1.8.0_31.jdk/Contents/Home/jre/lib/libzip.dylib
0x0000000125807000 	/System/Library/Frameworks/JavaVM.framework/Frameworks/JavaRuntimeSupport.framework/JavaRuntimeSupport
0x000000012581d000 	/System/Library/Frameworks/JavaVM.framework/Versions/A/Frameworks/JavaNativeFoundation.framework/Versions/A/JavaNativeFoundation
0x0000000125831000 	/System/Library/Frameworks/JavaVM.framework/Versions/A/JavaVM
0x000000000d657000 	/System/Library/Frameworks/Carbon.framework/Versions/A/Carbon
0x000000012583d000 	/System/Library/PrivateFrameworks/JavaLaunching.framework/Versions/A/JavaLaunching
0x000000000d657000 	/System/Library/Frameworks/Carbon.framework/Versions/A/Frameworks/CommonPanels.framework/Versions/A/CommonPanels
0x000000000d657000 	/System/Library/Frameworks/Carbon.framework/Versions/A/Frameworks/Help.framework/Versions/A/Help
0x000000000d657000 	/System/Library/Frameworks/Carbon.framework/Versions/A/Frameworks/ImageCapture.framework/Versions/A/ImageCapture
0x000000000d657000 	/System/Library/Frameworks/Carbon.framework/Versions/A/Frameworks/OpenScripting.framework/Versions/A/OpenScripting
0x000000000d657000 	/System/Library/Frameworks/Carbon.framework/Versions/A/Frameworks/Print.framework/Versions/A/Print
0x000000000d657000 	/System/Library/Frameworks/Carbon.framework/Versions/A/Frameworks/SecurityHI.framework/Versions/A/SecurityHI
0x000000012714a000 	/Library/Java/JavaVirtualMachines/jdk1.8.0_31.jdk/Contents/Home/jre/lib/libdt_socket.dylib

VM Arguments:
jvm_args: -agentlib:jdwp=transport=dt_socket,suspend=y,address=localhost:59357 -Dfile.encoding=UTF-8 
java_command: Assignment1
java_class_path (initial): /Users/juliannadeau/Development/school/CSI4106/Assignment1/Assignment1/bin
Launcher Type: SUN_STANDARD

Environment Variables:
PATH=/usr/bin:/bin:/usr/sbin:/sbin
SHELL=/bin/bash

Signal Handlers:
SIGSEGV: [libjvm.dylib+0x57a0e7], sa_mask[0]=11111111011111110111111111111111, sa_flags=SA_ONSTACK|SA_RESTART|SA_SIGINFO
SIGBUS: [libjvm.dylib+0x57a0e7], sa_mask[0]=11111111011111110111111111111111, sa_flags=SA_RESTART|SA_SIGINFO
SIGFPE: [libjvm.dylib+0x45af24], sa_mask[0]=11111111011111110111111111111111, sa_flags=SA_RESTART|SA_SIGINFO
SIGPIPE: [libjvm.dylib+0x45af24], sa_mask[0]=11111111011111110111111111111111, sa_flags=SA_RESTART|SA_SIGINFO
SIGXFSZ: [libjvm.dylib+0x45af24], sa_mask[0]=11111111011111110111111111111111, sa_flags=SA_RESTART|SA_SIGINFO
SIGILL: [libjvm.dylib+0x45af24], sa_mask[0]=11111111011111110111111111111111, sa_flags=SA_RESTART|SA_SIGINFO
SIGUSR1: SIG_DFL, sa_mask[0]=00000000000000000000000000000000, sa_flags=none
SIGUSR2: [libjvm.dylib+0x45aa42], sa_mask[0]=00100000000000000000000000000000, sa_flags=SA_RESTART|SA_SIGINFO
SIGHUP: [libjvm.dylib+0x459015], sa_mask[0]=11111111011111110111111111111111, sa_flags=SA_RESTART|SA_SIGINFO
SIGINT: [libjvm.dylib+0x459015], sa_mask[0]=11111111011111110111111111111111, sa_flags=SA_RESTART|SA_SIGINFO
SIGTERM: [libjvm.dylib+0x459015], sa_mask[0]=11111111011111110111111111111111, sa_flags=SA_RESTART|SA_SIGINFO
SIGQUIT: [libjvm.dylib+0x459015], sa_mask[0]=11111111011111110111111111111111, sa_flags=SA_RESTART|SA_SIGINFO


---------------  S Y S T E M  ---------------

OS:Bsduname:Darwin 14.1.0 Darwin Kernel Version 14.1.0: Mon Dec 22 23:10:38 PST 2014; root:xnu-2782.10.72~2/RELEASE_X86_64 x86_64
rlimit: STACK 8192k, CORE 0k, NPROC 709, NOFILE 10240, AS infinity
load average:2.81 2.20 2.14

CPU:total 8 (4 cores per cpu, 2 threads per core) family 6 model 58 stepping 9, cmov, cx8, fxsr, mmx, sse, sse2, sse3, ssse3, sse4.1, sse4.2, popcnt, avx, aes, clmul, erms, ht, tsc, tscinvbit, tscinv

Memory: 4k page, physical 16777216k(198224k free)

/proc/meminfo:


vm_info: Java HotSpot(TM) 64-Bit Server VM (25.31-b07) for bsd-amd64 JRE (1.8.0_31-b13), built on Dec 17 2014 20:45:36 by "java_re" with gcc 4.2.1 (Based on Apple Inc. build 5658) (LLVM build 2336.11.00)

time: Thu Feb  5 23:50:18 2015
elapsed time: 155 seconds (0d 0h 2m 35s)

